<testsuites id="" name="" tests="20" failures="6" skipped="1" errors="0" time="174.607306">
<testsuite name="auth-api.setup.js" timestamp="2025-09-03T17:01:01.483Z" hostname="setup" tests="1" failures="0" skipped="0" time="5.551" errors="0">
<testcase name="authenticate via API" classname="auth-api.setup.js" time="5.551">
</testcase>
</testsuite>
<testsuite name="auth.setup.js" timestamp="2025-09-03T17:01:01.483Z" hostname="setup" tests="1" failures="0" skipped="0" time="11.779" errors="0">
<testcase name="authenticate as admin" classname="auth.setup.js" time="11.779">
<system-out>
<![CDATA[🔐 Setting up admin authentication...
Logging in as: admin
✅ Admin authentication completed. Saved to: /Users/nickberens/Webstorm/nickberens/tests/e2e/.auth/admin.json
Current URL: http://localhost:3000/
]]>
</system-out>
</testcase>
</testsuite>
<testsuite name="multi-role.setup.js" timestamp="2025-09-03T17:01:01.483Z" hostname="setup" tests="3" failures="0" skipped="1" time="8.68" errors="0">
<testcase name="authenticate as admin" classname="multi-role.setup.js" time="7.815">
</testcase>
<testcase name="authenticate as user" classname="multi-role.setup.js" time="0">
<properties>
<property name="skip" value="">
</property>
</properties>
<skipped>
</skipped>
</testcase>
<testcase name="no authentication" classname="multi-role.setup.js" time="0.865">
</testcase>
</testsuite>
<testsuite name="auth-flow.spec.js" timestamp="2025-09-03T17:01:01.483Z" hostname="unauthenticated" tests="3" failures="0" skipped="0" time="10.059" errors="0">
<testcase name="Authentication Flow › should login successfully with admin credentials" classname="auth-flow.spec.js" time="7.37">
</testcase>
<testcase name="Authentication Flow › should show error with invalid credentials" classname="auth-flow.spec.js" time="2.359">
</testcase>
<testcase name="Authentication Flow › should validate required fields" classname="auth-flow.spec.js" time="0.33">
</testcase>
</testsuite>
<testsuite name="auth-specific.spec.js" timestamp="2025-09-03T17:01:01.483Z" hostname="unauthenticated" tests="3" failures="1" skipped="0" time="21.913" errors="0">
<testcase name="Authentication Flows › login with valid credentials" classname="auth-specific.spec.js" time="7.258">
</testcase>
<testcase name="Authentication Flows › login with invalid credentials" classname="auth-specific.spec.js" time="2.379">
</testcase>
<testcase name="Authentication Flows › logout functionality" classname="auth-specific.spec.js" time="12.276">
<failure message="auth-specific.spec.js:52:3 logout functionality" type="FAILURE">
<![CDATA[  [unauthenticated] › auth-specific.spec.js:52:3 › Authentication Flows › logout functionality ─────

    Error: expect(locator).toBeVisible() failed

    Locator:  locator('[data-testid="username"] input')
    Expected: visible
    Received: <element(s) not found>
    Timeout:  5000ms

    Call log:
      - Expect "toBeVisible" with timeout 5000ms
      - waiting for locator('[data-testid="username"] input')


      90 |       // If no logout button found, just verify we can navigate away manually
      91 |       await page.goto('/login');
    > 92 |       await expect(page.locator('[data-testid="username"] input')).toBeVisible();
         |                                                                    ^
      93 |     }
      94 |   });
      95 | });
        at /Users/nickberens/Webstorm/nickberens/tests/e2e/auth-specific.spec.js:92:68

    attachment #1: screenshot (image/png) ──────────────────────────────────────────────────────────
    ../../test-results/auth-specific-Authentication-Flows-logout-functionality-unauthenticated/test-failed-1.png
    ────────────────────────────────────────────────────────────────────────────────────────────────

    attachment #2: video (video/webm) ──────────────────────────────────────────────────────────────
    ../../test-results/auth-specific-Authentication-Flows-logout-functionality-unauthenticated/video.webm
    ────────────────────────────────────────────────────────────────────────────────────────────────

    Error Context: ../../test-results/auth-specific-Authentication-Flows-logout-functionality-unauthenticated/error-context.md
]]>
</failure>
<system-out>
<![CDATA[
[[ATTACHMENT|auth-specific-Authentication-Flows-logout-functionality-unauthenticated/test-failed-1.png]]

[[ATTACHMENT|auth-specific-Authentication-Flows-logout-functionality-unauthenticated/video.webm]]

[[ATTACHMENT|auth-specific-Authentication-Flows-logout-functionality-unauthenticated/error-context.md]]
]]>
</system-out>
</testcase>
</testsuite>
<testsuite name="auth.spec.js" timestamp="2025-09-03T17:01:01.483Z" hostname="unauthenticated" tests="9" failures="5" skipped="0" time="107.055" errors="0">
<testcase name="Admin Authentication Flow › successful login with valid credentials" classname="auth.spec.js" time="8.117">
</testcase>
<testcase name="Admin Authentication Flow › failed login with invalid credentials" classname="auth.spec.js" time="16.258">
</testcase>
<testcase name="Admin Authentication Flow › failed login with empty credentials" classname="auth.spec.js" time="0.999">
</testcase>
<testcase name="Admin Authentication Flow › session persistence across page reload" classname="auth.spec.js" time="9.138">
</testcase>
<testcase name="Admin Authentication Flow › logout functionality" classname="auth.spec.js" time="18.147">
<failure message="auth.spec.js:67:3 logout functionality" type="FAILURE">
<![CDATA[  [unauthenticated] › auth.spec.js:67:3 › Admin Authentication Flow › logout functionality ─────────

    TimeoutError: locator.click: Timeout 10000ms exceeded.
    Call log:
      - waiting for locator('.v-btn').filter({ hasText: 'admin' })


       at pages/AdminLayoutPage.js:70

      68 |     // Find user menu button by looking for admin user info
      69 |     const userMenuButton = this.page.locator('.v-btn').filter({ hasText: 'admin' });
    > 70 |     await userMenuButton.click();
         |                          ^
      71 |     
      72 |     // Wait for dropdown menu and click logout
      73 |     const logoutItem = this.page.locator('.v-list-item').filter({ hasText: 'Logout' });
        at AdminLayoutPage.logout (/Users/nickberens/Webstorm/nickberens/tests/e2e/pages/AdminLayoutPage.js:70:26)
        at /Users/nickberens/Webstorm/nickberens/tests/e2e/auth.spec.js:76:27

    attachment #1: screenshot (image/png) ──────────────────────────────────────────────────────────
    ../../test-results/auth-Admin-Authentication-Flow-logout-functionality-unauthenticated/test-failed-1.png
    ────────────────────────────────────────────────────────────────────────────────────────────────

    attachment #2: video (video/webm) ──────────────────────────────────────────────────────────────
    ../../test-results/auth-Admin-Authentication-Flow-logout-functionality-unauthenticated/video.webm
    ────────────────────────────────────────────────────────────────────────────────────────────────

    Error Context: ../../test-results/auth-Admin-Authentication-Flow-logout-functionality-unauthenticated/error-context.md
]]>
</failure>
<system-out>
<![CDATA[
[[ATTACHMENT|auth-Admin-Authentication-Flow-logout-functionality-unauthenticated/test-failed-1.png]]

[[ATTACHMENT|auth-Admin-Authentication-Flow-logout-functionality-unauthenticated/video.webm]]

[[ATTACHMENT|auth-Admin-Authentication-Flow-logout-functionality-unauthenticated/error-context.md]]
]]>
</system-out>
</testcase>
<testcase name="Admin Authentication Flow › protected route access without authentication" classname="auth.spec.js" time="19.038">
<failure message="auth.spec.js:87:3 protected route access without authentication" type="FAILURE">
<![CDATA[  [unauthenticated] › auth.spec.js:87:3 › Admin Authentication Flow › protected route access without authentication 

    TimeoutError: page.waitForURL: Timeout 15000ms exceeded.
    =========================== logs ===========================
    waiting for navigation to "**/login**" until "load"
      navigated to "http://localhost:3000/settings/followup"
      navigated to "http://localhost:3000/settings/followup"
      navigated to "http://localhost:3000/admin/"
      navigated to "http://localhost:3000/admin/"
      navigated to "http://localhost:3000/admin/"
      navigated to "http://localhost:3000/admin/"
      navigated to "http://localhost:3000/login?redirect=/"
      navigated to "http://localhost:3000/admin/"
      navigated to "http://localhost:3000/admin/"
      navigated to "http://localhost:3000/admin/"
      navigated to "http://localhost:3000/admin/"
      navigated to "http://localhost:3000/login?redirect=/"
      navigated to "http://localhost:3000/admin/"
      navigated to "http://localhost:3000/admin/"
      navigated to "http://localhost:3000/admin/"
      navigated to "http://localhost:3000/admin/"
      navigated to "http://localhost:3000/admin/"
      navigated to "http://localhost:3000/admin/"
      navigated to "http://localhost:3000/admin/"
      navigated to "http://localhost:3000/admin/"
      navigated to "http://localhost:3000/admin/"
      navigated to "http://localhost:3000/admin/"
      navigated to "http://localhost:3000/admin/"
      navigated to "http://localhost:3000/admin/"
      navigated to "http://localhost:3000/admin/"
      navigated to "http://localhost:3000/login?redirect=/"
      navigated to "http://localhost:3000/admin/"
      navigated to "http://localhost:3000/admin/"
      navigated to "http://localhost:3000/admin/"
      navigated to "http://localhost:3000/admin/"
      navigated to "http://localhost:3000/admin/"
      navigated to "http://localhost:3000/admin/"
      navigated to "http://localhost:3000/admin/"
      navigated to "http://localhost:3000/login?redirect=/"
      navigated to "http://localhost:3000/admin/"
      navigated to "http://localhost:3000/admin/"
      navigated to "http://localhost:3000/admin/"
      navigated to "http://localhost:3000/admin/"
      navigated to "http://localhost:3000/admin/"
      navigated to "http://localhost:3000/admin/"
      navigated to "http://localhost:3000/admin/"
      navigated to "http://localhost:3000/admin/"
      navigated to "http://localhost:3000/admin/"
      navigated to "http://localhost:3000/admin/"
      navigated to "http://localhost:3000/admin/"
      navigated to "http://localhost:3000/admin/"
      navigated to "http://localhost:3000/admin/"
      navigated to "http://localhost:3000/admin/"
      navigated to "http://localhost:3000/admin/"
      navigated to "http://localhost:3000/admin/"
      navigated to "http://localhost:3000/admin/"
      navigated to "http://localhost:3000/admin/"
      navigated to "http://localhost:3000/admin/"
      navigated to "http://localhost:3000/login?redirect=/"
      navigated to "http://localhost:3000/admin/"
      navigated to "http://localhost:3000/admin/"
      navigated to "http://localhost:3000/admin/"
      navigated to "http://localhost:3000/admin/"
      navigated to "http://localhost:3000/admin/"
      navigated to "http://localhost:3000/admin/"
      navigated to "http://localhost:3000/admin/"
      navigated to "http://localhost:3000/admin/"
      navigated to "http://localhost:3000/admin/"
      navigated to "http://localhost:3000/admin/"
      navigated to "http://localhost:3000/admin/"
      navigated to "http://localhost:3000/admin/"
      navigated to "http://localhost:3000/admin/"
      navigated to "http://localhost:3000/admin/"
      navigated to "http://localhost:3000/admin/"
      navigated to "http://localhost:3000/admin/"
      navigated to "http://localhost:3000/admin/"
      navigated to "http://localhost:3000/admin/"
      navigated to "http://localhost:3000/admin/"
      navigated to "http://localhost:3000/admin/"
      navigated to "http://localhost:3000/admin/"
      navigated to "http://localhost:3000/admin/"
      navigated to "http://localhost:3000/admin/"
      navigated to "http://localhost:3000/admin/"
      navigated to "http://localhost:3000/admin/"
      navigated to "http://localhost:3000/admin/"
      navigated to "http://localhost:3000/admin/"
      navigated to "http://localhost:3000/admin/"
      navigated to "http://localhost:3000/admin/"
      navigated to "http://localhost:3000/admin/"
      navigated to "http://localhost:3000/admin/"
      navigated to "http://localhost:3000/login?redirect=/"
      navigated to "http://localhost:3000/admin/"
      navigated to "http://localhost:3000/admin/"
      navigated to "http://localhost:3000/admin/"
      navigated to "http://localhost:3000/admin/"
      navigated to "http://localhost:3000/admin/"
      navigated to "http://localhost:3000/admin/"
      navigated to "http://localhost:3000/admin/"
      navigated to "http://localhost:3000/admin/"
      navigated to "http://localhost:3000/admin/"
      navigated to "http://localhost:3000/admin/"
      navigated to "http://localhost:3000/login?redirect=/"
      navigated to "http://localhost:3000/admin/"
      navigated to "http://localhost:3000/admin/"
      navigated to "http://localhost:3000/admin/"
      navigated to "http://localhost:3000/admin/"
      navigated to "http://localhost:3000/admin/"
      navigated to "http://localhost:3000/admin/"
      navigated to "http://localhost:3000/admin/"
      navigated to "http://localhost:3000/admin/"
      navigated to "http://localhost:3000/admin/"
      navigated to "http://localhost:3000/admin/"
      navigated to "http://localhost:3000/admin/"
      navigated to "http://localhost:3000/admin/"
      navigated to "http://localhost:3000/admin/"
      navigated to "http://localhost:3000/admin/"
      navigated to "http://localhost:3000/admin/"
      navigated to "http://localhost:3000/admin/"
      navigated to "http://localhost:3000/admin/"
      navigated to "http://localhost:3000/admin/"
      navigated to "http://localhost:3000/admin/"
      navigated to "http://localhost:3000/login?redirect=/"
      navigated to "http://localhost:3000/admin/"
      navigated to "http://localhost:3000/admin/"
      navigated to "http://localhost:3000/admin/"
      navigated to "http://localhost:3000/admin/"
      navigated to "http://localhost:3000/admin/"
      navigated to "http://localhost:3000/admin/"
      navigated to "http://localhost:3000/admin/"
      navigated to "http://localhost:3000/login?redirect=/"
      navigated to "http://localhost:3000/admin/"
      navigated to "http://localhost:3000/admin/"
      navigated to "http://localhost:3000/admin/"
      navigated to "http://localhost:3000/admin/"
      navigated to "http://localhost:3000/admin/"
      navigated to "http://localhost:3000/admin/"
      navigated to "http://localhost:3000/admin/"
      navigated to "http://localhost:3000/admin/"
      navigated to "http://localhost:3000/admin/"
      navigated to "http://localhost:3000/admin/"
      navigated to "http://localhost:3000/admin/"
      navigated to "http://localhost:3000/admin/"
      navigated to "http://localhost:3000/admin/"
      navigated to "http://localhost:3000/admin/"
      navigated to "http://localhost:3000/admin/"
      navigated to "http://localhost:3000/admin/"
      navigated to "http://localhost:3000/admin/"
      navigated to "http://localhost:3000/admin/"
      navigated to "http://localhost:3000/admin/"
      navigated to "http://localhost:3000/admin/"
      navigated to "http://localhost:3000/admin/"
      navigated to "http://localhost:3000/admin/"
      navigated to "http://localhost:3000/login?redirect=/"
      navigated to "http://localhost:3000/admin/"
      navigated to "http://localhost:3000/admin/"
      navigated to "http://localhost:3000/admin/"
      navigated to "http://localhost:3000/admin/"
      navigated to "http://localhost:3000/admin/"
      navigated to "http://localhost:3000/admin/"
      navigated to "http://localhost:3000/admin/"
      navigated to "http://localhost:3000/login?redirect=/"
      navigated to "http://localhost:3000/admin/"
      navigated to "http://localhost:3000/admin/"
      navigated to "http://localhost:3000/admin/"
      navigated to "http://localhost:3000/admin/"
      navigated to "http://localhost:3000/login?redirect=/"
      navigated to "http://localhost:3000/admin/"
      navigated to "http://localhost:3000/admin/"
      navigated to "http://localhost:3000/admin/"
      navigated to "http://localhost:3000/admin/"
      navigated to "http://localhost:3000/login?redirect=/"
      navigated to "http://localhost:3000/admin/"
      navigated to "http://localhost:3000/admin/"
      navigated to "http://localhost:3000/admin/"
      navigated to "http://localhost:3000/admin/"
      navigated to "http://localhost:3000/admin/"
      navigated to "http://localhost:3000/admin/"
      navigated to "http://localhost:3000/admin/"
      navigated to "http://localhost:3000/admin/"
      navigated to "http://localhost:3000/admin/"
      navigated to "http://localhost:3000/admin/"
      navigated to "http://localhost:3000/admin/"
      navigated to "http://localhost:3000/admin/"
      navigated to "http://localhost:3000/admin/"
      navigated to "http://localhost:3000/admin/"
      navigated to "http://localhost:3000/admin/"
      navigated to "http://localhost:3000/admin/"
      navigated to "http://localhost:3000/login?redirect=/"
      navigated to "http://localhost:3000/admin/"
      navigated to "http://localhost:3000/admin/"
      navigated to "http://localhost:3000/admin/"
      navigated to "http://localhost:3000/admin/"
      navigated to "http://localhost:3000/login?redirect=/"
      navigated to "http://localhost:3000/admin/"
      navigated to "http://localhost:3000/admin/"
      navigated to "http://localhost:3000/admin/"
      navigated to "http://localhost:3000/admin/"
      navigated to "http://localhost:3000/admin/"
      navigated to "http://localhost:3000/admin/"
      navigated to "http://localhost:3000/admin/"
      navigated to "http://localhost:3000/login?redirect=/"
      navigated to "http://localhost:3000/admin/"
      navigated to "http://localhost:3000/admin/"
      navigated to "http://localhost:3000/admin/"
      navigated to "http://localhost:3000/admin/"
      navigated to "http://localhost:3000/login?redirect=/"
      navigated to "http://localhost:3000/admin/"
      navigated to "http://localhost:3000/admin/"
      navigated to "http://localhost:3000/admin/"
      navigated to "http://localhost:3000/admin/"
      navigated to "http://localhost:3000/login?redirect=/"
      navigated to "http://localhost:3000/admin/"
      navigated to "http://localhost:3000/admin/"
      navigated to "http://localhost:3000/admin/"
      navigated to "http://localhost:3000/admin/"
      navigated to "http://localhost:3000/admin/"
      navigated to "http://localhost:3000/admin/"
      navigated to "http://localhost:3000/admin/"
      navigated to "http://localhost:3000/admin/"
      navigated to "http://localhost:3000/admin/"
      navigated to "http://localhost:3000/admin/"
      navigated to "http://localhost:3000/admin/"
      navigated to "http://localhost:3000/admin/"
      navigated to "http://localhost:3000/admin/"
      navigated to "http://localhost:3000/login?redirect=/"
      navigated to "http://localhost:3000/admin/"
      navigated to "http://localhost:3000/admin/"
      navigated to "http://localhost:3000/admin/"
      navigated to "http://localhost:3000/admin/"
      navigated to "http://localhost:3000/admin/"
      navigated to "http://localhost:3000/admin/"
      navigated to "http://localhost:3000/admin/"
      navigated to "http://localhost:3000/admin/"
      navigated to "http://localhost:3000/admin/"
      navigated to "http://localhost:3000/admin/"
      navigated to "http://localhost:3000/login?redirect=/"
      navigated to "http://localhost:3000/admin/"
      navigated to "http://localhost:3000/admin/"
      navigated to "http://localhost:3000/admin/"
      navigated to "http://localhost:3000/admin/"
      navigated to "http://localhost:3000/admin/"
      navigated to "http://localhost:3000/admin/"
      navigated to "http://localhost:3000/admin/"
      navigated to "http://localhost:3000/admin/"
      navigated to "http://localhost:3000/admin/"
      navigated to "http://localhost:3000/admin/"
      navigated to "http://localhost:3000/admin/"
      navigated to "http://localhost:3000/admin/"
      navigated to "http://localhost:3000/admin/"
      navigated to "http://localhost:3000/admin/"
      navigated to "http://localhost:3000/admin/"
      navigated to "http://localhost:3000/login?redirect=/"
      navigated to "http://localhost:3000/admin/"
      navigated to "http://localhost:3000/admin/"
      navigated to "http://localhost:3000/admin/"
      navigated to "http://localhost:3000/admin/"
      navigated to "http://localhost:3000/admin/"
      navigated to "http://localhost:3000/admin/"
      navigated to "http://localhost:3000/admin/"
      navigated to "http://localhost:3000/admin/"
      navigated to "http://localhost:3000/admin/"
      navigated to "http://localhost:3000/admin/"
      navigated to "http://localhost:3000/admin/"
      navigated to "http://localhost:3000/admin/"
      navigated to "http://localhost:3000/admin/"
      navigated to "http://localhost:3000/admin/"
      navigated to "http://localhost:3000/admin/"
      navigated to "http://localhost:3000/admin/"
      navigated to "http://localhost:3000/admin/"
      navigated to "http://localhost:3000/admin/"
      navigated to "http://localhost:3000/admin/"
      navigated to "http://localhost:3000/admin/"
      navigated to "http://localhost:3000/admin/"
      navigated to "http://localhost:3000/login?redirect=/"
      navigated to "http://localhost:3000/admin/"
      navigated to "http://localhost:3000/admin/"
      navigated to "http://localhost:3000/admin/"
      navigated to "http://localhost:3000/admin/"
      navigated to "http://localhost:3000/admin/"
      navigated to "http://localhost:3000/admin/"
      navigated to "http://localhost:3000/admin/"
      navigated to "http://localhost:3000/admin/"
      navigated to "http://localhost:3000/admin/"
      navigated to "http://localhost:3000/admin/"
      navigated to "http://localhost:3000/admin/"
      navigated to "http://localhost:3000/admin/"
      navigated to "http://localhost:3000/admin/"
      navigated to "http://localhost:3000/login?redirect=/"
      navigated to "http://localhost:3000/admin/"
      navigated to "http://localhost:3000/admin/"
      navigated to "http://localhost:3000/admin/"
      navigated to "http://localhost:3000/admin/"
      navigated to "http://localhost:3000/login?redirect=/"
      navigated to "http://localhost:3000/admin/"
      navigated to "http://localhost:3000/admin/"
      navigated to "http://localhost:3000/admin/"
      navigated to "http://localhost:3000/admin/"
      navigated to "http://localhost:3000/login?redirect=/"
      navigated to "http://localhost:3000/admin/"
      navigated to "http://localhost:3000/admin/"
      navigated to "http://localhost:3000/admin/"
      navigated to "http://localhost:3000/admin/"
      navigated to "http://localhost:3000/admin/"
      navigated to "http://localhost:3000/admin/"
      navigated to "http://localhost:3000/login?redirect=/"
      navigated to "http://localhost:3000/admin/"
      navigated to "http://localhost:3000/admin/"
      navigated to "http://localhost:3000/admin/"
      navigated to "http://localhost:3000/admin/"
      navigated to "http://localhost:3000/login?redirect=/"
      navigated to "http://localhost:3000/admin/"
      navigated to "http://localhost:3000/admin/"
      navigated to "http://localhost:3000/admin/"
      navigated to "http://localhost:3000/admin/"
      navigated to "http://localhost:3000/admin/"
      navigated to "http://localhost:3000/admin/"
      navigated to "http://localhost:3000/admin/"
      navigated to "http://localhost:3000/admin/"
      navigated to "http://localhost:3000/admin/"
      navigated to "http://localhost:3000/admin/"
      navigated to "http://localhost:3000/admin/"
      navigated to "http://localhost:3000/admin/"
      navigated to "http://localhost:3000/admin/"
      navigated to "http://localhost:3000/admin/"
      navigated to "http://localhost:3000/admin/"
      navigated to "http://localhost:3000/login?redirect=/"
      navigated to "http://localhost:3000/admin/"
      navigated to "http://localhost:3000/admin/"
      navigated to "http://localhost:3000/admin/"
      navigated to "http://localhost:3000/admin/"
      navigated to "http://localhost:3000/admin/"
      navigated to "http://localhost:3000/admin/"
      navigated to "http://localhost:3000/admin/"
      navigated to "http://localhost:3000/login?redirect=/"
      navigated to "http://localhost:3000/admin/"
      navigated to "http://localhost:3000/admin/"
      navigated to "http://localhost:3000/admin/"
      navigated to "http://localhost:3000/admin/"
      navigated to "http://localhost:3000/login?redirect=/"
      navigated to "http://localhost:3000/admin/"
      navigated to "http://localhost:3000/admin/"
      navigated to "http://localhost:3000/admin/"
      navigated to "http://localhost:3000/admin/"
      navigated to "http://localhost:3000/login?redirect=/"
      navigated to "http://localhost:3000/admin/"
      navigated to "http://localhost:3000/admin/"
      navigated to "http://localhost:3000/admin/"
      navigated to "http://localhost:3000/admin/"
      navigated to "http://localhost:3000/login?redirect=/"
      navigated to "http://localhost:3000/admin/"
      navigated to "http://localhost:3000/admin/"
      navigated to "http://localhost:3000/admin/"
      navigated to "http://localhost:3000/admin/"
      navigated to "http://localhost:3000/login?redirect=/"
      navigated to "http://localhost:3000/admin/"
      navigated to "http://localhost:3000/admin/"
      navigated to "http://localhost:3000/admin/"
      navigated to "http://localhost:3000/admin/"
      navigated to "http://localhost:3000/login?redirect=/"
      navigated to "http://localhost:3000/admin/"
      navigated to "http://localhost:3000/admin/"
      navigated to "http://localhost:3000/admin/"
      navigated to "http://localhost:3000/admin/"
      navigated to "http://localhost:3000/login?redirect=/"
      navigated to "http://localhost:3000/admin/"
      navigated to "http://localhost:3000/admin/"
      navigated to "http://localhost:3000/admin/"
      navigated to "http://localhost:3000/admin/"
      navigated to "http://localhost:3000/admin/"
      navigated to "http://localhost:3000/admin/"
      navigated to "http://localhost:3000/admin/"
      navigated to "http://localhost:3000/admin/"
      navigated to "http://localhost:3000/admin/"
      navigated to "http://localhost:3000/admin/"
      navigated to "http://localhost:3000/login?redirect=/"
      navigated to "http://localhost:3000/admin/"
      navigated to "http://localhost:3000/admin/"
      navigated to "http://localhost:3000/admin/"
      navigated to "http://localhost:3000/admin/"
      navigated to "http://localhost:3000/login?redirect=/"
      navigated to "http://localhost:3000/admin/"
      navigated to "http://localhost:3000/admin/"
      navigated to "http://localhost:3000/admin/"
      navigated to "http://localhost:3000/admin/"
      navigated to "http://localhost:3000/admin/"
      navigated to "http://localhost:3000/admin/"
      navigated to "http://localhost:3000/admin/"
      navigated to "http://localhost:3000/login?redirect=/"
      navigated to "http://localhost:3000/admin/"
      navigated to "http://localhost:3000/admin/"
      navigated to "http://localhost:3000/admin/"
      navigated to "http://localhost:3000/admin/"
      navigated to "http://localhost:3000/login?redirect=/"
      navigated to "http://localhost:3000/admin/"
      navigated to "http://localhost:3000/admin/"
      navigated to "http://localhost:3000/admin/"
      navigated to "http://localhost:3000/admin/"
      navigated to "http://localhost:3000/admin/"
      navigated to "http://localhost:3000/admin/"
      navigated to "http://localhost:3000/admin/"
      navigated to "http://localhost:3000/admin/"
      navigated to "http://localhost:3000/admin/"
      navigated to "http://localhost:3000/admin/"
      navigated to "http://localhost:3000/admin/"
      navigated to "http://localhost:3000/admin/"
      navigated to "http://localhost:3000/admin/"
      navigated to "http://localhost:3000/login?redirect=/"
      navigated to "http://localhost:3000/admin/"
      navigated to "http://localhost:3000/admin/"
      navigated to "http://localhost:3000/admin/"
      navigated to "http://localhost:3000/admin/"
      navigated to "http://localhost:3000/admin/"
      navigated to "http://localhost:3000/admin/"
      navigated to "http://localhost:3000/admin/"
      navigated to "http://localhost:3000/admin/"
      navigated to "http://localhost:3000/admin/"
      navigated to "http://localhost:3000/admin/"
      navigated to "http://localhost:3000/admin/"
      navigated to "http://localhost:3000/admin/"
      navigated to "http://localhost:3000/admin/"
      navigated to "http://localhost:3000/login?redirect=/"
      navigated to "http://localhost:3000/admin/"
      navigated to "http://localhost:3000/admin/"
      navigated to "http://localhost:3000/admin/"
      navigated to "http://localhost:3000/admin/"
      navigated to "http://localhost:3000/login?redirect=/"
      navigated to "http://localhost:3000/admin/"
      navigated to "http://localhost:3000/admin/"
      navigated to "http://localhost:3000/admin/"
      navigated to "http://localhost:3000/admin/"
      navigated to "http://localhost:3000/admin/"
      navigated to "http://localhost:3000/admin/"
      navigated to "http://localhost:3000/admin/"
      navigated to "http://localhost:3000/login?redirect=/"
      navigated to "http://localhost:3000/admin/"
      navigated to "http://localhost:3000/admin/"
      navigated to "http://localhost:3000/admin/"
      navigated to "http://localhost:3000/admin/"
      navigated to "http://localhost:3000/login?redirect=/"
      navigated to "http://localhost:3000/admin/"
      navigated to "http://localhost:3000/admin/"
      navigated to "http://localhost:3000/admin/"
      navigated to "http://localhost:3000/admin/"
      navigated to "http://localhost:3000/login?redirect=/"
      navigated to "http://localhost:3000/admin/"
      navigated to "http://localhost:3000/admin/"
      navigated to "http://localhost:3000/admin/"
      navigated to "http://localhost:3000/admin/"
      navigated to "http://localhost:3000/admin/"
      navigated to "http://localhost:3000/admin/"
      navigated to "http://localhost:3000/admin/"
      navigated to "http://localhost:3000/login?redirect=/"
      navigated to "http://localhost:3000/admin/"
      navigated to "http://localhost:3000/admin/"
      navigated to "http://localhost:3000/admin/"
      navigated to "http://localhost:3000/admin/"
      navigated to "http://localhost:3000/login?redirect=/"
      navigated to "http://localhost:3000/admin/"
      navigated to "http://localhost:3000/admin/"
      navigated to "http://localhost:3000/admin/"
      navigated to "http://localhost:3000/admin/"
      navigated to "http://localhost:3000/admin/"
      navigated to "http://localhost:3000/admin/"
      navigated to "http://localhost:3000/admin/"
      navigated to "http://localhost:3000/login?redirect=/"
      navigated to "http://localhost:3000/admin/"
      navigated to "http://localhost:3000/admin/"
      navigated to "http://localhost:3000/admin/"
      navigated to "http://localhost:3000/admin/"
      navigated to "http://localhost:3000/login?redirect=/"
      navigated to "http://localhost:3000/admin/"
      navigated to "http://localhost:3000/admin/"
      navigated to "http://localhost:3000/admin/"
      navigated to "http://localhost:3000/admin/"
      navigated to "http://localhost:3000/login?redirect=/"
      navigated to "http://localhost:3000/admin/"
      navigated to "http://localhost:3000/admin/"
      navigated to "http://localhost:3000/admin/"
      navigated to "http://localhost:3000/admin/"
      navigated to "http://localhost:3000/admin/"
      navigated to "http://localhost:3000/admin/"
      navigated to "http://localhost:3000/admin/"
      navigated to "http://localhost:3000/admin/"
      navigated to "http://localhost:3000/admin/"
      navigated to "http://localhost:3000/admin/"
      navigated to "http://localhost:3000/admin/"
      navigated to "http://localhost:3000/admin/"
      navigated to "http://localhost:3000/admin/"
      navigated to "http://localhost:3000/admin/"
      navigated to "http://localhost:3000/admin/"
      navigated to "http://localhost:3000/admin/"
      navigated to "http://localhost:3000/admin/"
      navigated to "http://localhost:3000/admin/"
      navigated to "http://localhost:3000/admin/"
      navigated to "http://localhost:3000/admin/"
      navigated to "http://localhost:3000/admin/"
      navigated to "http://localhost:3000/admin/"
      navigated to "http://localhost:3000/admin/"
      navigated to "http://localhost:3000/admin/"
      navigated to "http://localhost:3000/admin/"
      navigated to "http://localhost:3000/login?redirect=/"
      navigated to "http://localhost:3000/admin/"
      navigated to "http://localhost:3000/admin/"
      navigated to "http://localhost:3000/admin/"
      navigated to "http://localhost:3000/admin/"
      navigated to "http://localhost:3000/admin/"
      navigated to "http://localhost:3000/admin/"
      navigated to "http://localhost:3000/admin/"
      navigated to "http://localhost:3000/admin/"
      navigated to "http://localhost:3000/admin/"
      navigated to "http://localhost:3000/admin/"
      navigated to "http://localhost:3000/admin/"
      navigated to "http://localhost:3000/admin/"
      navigated to "http://localhost:3000/admin/"
      navigated to "http://localhost:3000/admin/"
      navigated to "http://localhost:3000/admin/"
      navigated to "http://localhost:3000/admin/"
      navigated to "http://localhost:3000/login?redirect=/"
      navigated to "http://localhost:3000/admin/"
      navigated to "http://localhost:3000/admin/"
      navigated to "http://localhost:3000/admin/"
      navigated to "http://localhost:3000/admin/"
      navigated to "http://localhost:3000/admin/"
      navigated to "http://localhost:3000/admin/"
      navigated to "http://localhost:3000/admin/"
      navigated to "http://localhost:3000/admin/"
      navigated to "http://localhost:3000/admin/"
      navigated to "http://localhost:3000/admin/"
      navigated to "http://localhost:3000/admin/"
      navigated to "http://localhost:3000/admin/"
      navigated to "http://localhost:3000/admin/"
      navigated to "http://localhost:3000/admin/"
      navigated to "http://localhost:3000/admin/"
      navigated to "http://localhost:3000/admin/"
      navigated to "http://localhost:3000/admin/"
      navigated to "http://localhost:3000/admin/"
      navigated to "http://localhost:3000/admin/"
      navigated to "http://localhost:3000/admin/"
      navigated to "http://localhost:3000/admin/"
      navigated to "http://localhost:3000/admin/"
      navigated to "http://localhost:3000/admin/"
      navigated to "http://localhost:3000/admin/"
      navigated to "http://localhost:3000/admin/"
      navigated to "http://localhost:3000/admin/"
      navigated to "http://localhost:3000/admin/"
      navigated to "http://localhost:3000/admin/"
      navigated to "http://localhost:3000/admin/"
      navigated to "http://localhost:3000/admin/"
      navigated to "http://localhost:3000/admin/"
      navigated to "http://localhost:3000/admin/"
      navigated to "http://localhost:3000/admin/"
      navigated to "http://localhost:3000/admin/"
      navigated to "http://localhost:3000/login?redirect=/"
      navigated to "http://localhost:3000/admin/"
      navigated to "http://localhost:3000/admin/"
      navigated to "http://localhost:3000/admin/"
      navigated to "http://localhost:3000/admin/"
      navigated to "http://localhost:3000/admin/"
      navigated to "http://localhost:3000/admin/"
      navigated to "http://localhost:3000/admin/"
      navigated to "http://localhost:3000/login?redirect=/"
      navigated to "http://localhost:3000/admin/"
      navigated to "http://localhost:3000/admin/"
      navigated to "http://localhost:3000/admin/"
      navigated to "http://localhost:3000/admin/"
      navigated to "http://localhost:3000/admin/"
      navigated to "http://localhost:3000/admin/"
      navigated to "http://localhost:3000/admin/"
      navigated to "http://localhost:3000/admin/"
      navigated to "http://localhost:3000/admin/"
      navigated to "http://localhost:3000/admin/"
      navigated to "http://localhost:3000/admin/"
      navigated to "http://localhost:3000/admin/"
      navigated to "http://localhost:3000/admin/"
      navigated to "http://localhost:3000/admin/"
      navigated to "http://localhost:3000/admin/"
      navigated to "http://localhost:3000/admin/"
      navigated to "http://localhost:3000/admin/"
      navigated to "http://localhost:3000/admin/"
      navigated to "http://localhost:3000/admin/"
      navigated to "http://localhost:3000/admin/"
      navigated to "http://localhost:3000/admin/"
      navigated to "http://localhost:3000/admin/"
      navigated to "http://localhost:3000/admin/"
      navigated to "http://localhost:3000/admin/"
      navigated to "http://localhost:3000/admin/"
      navigated to "http://localhost:3000/admin/"
      navigated to "http://localhost:3000/admin/"
      navigated to "http://localhost:3000/admin/"
      navigated to "http://localhost:3000/admin/"
      navigated to "http://localhost:3000/admin/"
      navigated to "http://localhost:3000/admin/"
      navigated to "http://localhost:3000/admin/"
      navigated to "http://localhost:3000/admin/"
      navigated to "http://localhost:3000/admin/"
      navigated to "http://localhost:3000/admin/"
      navigated to "http://localhost:3000/admin/"
      navigated to "http://localhost:3000/admin/"
      navigated to "http://localhost:3000/admin/"
      navigated to "http://localhost:3000/admin/"
      navigated to "http://localhost:3000/admin/"
      navigated to "http://localhost:3000/admin/"
      navigated to "http://localhost:3000/admin/"
      navigated to "http://localhost:3000/admin/"
      navigated to "http://localhost:3000/admin/"
      navigated to "http://localhost:3000/admin/"
      navigated to "http://localhost:3000/admin/"
      navigated to "http://localhost:3000/admin/"
      navigated to "http://localhost:3000/admin/"
      navigated to "http://localhost:3000/admin/"
      navigated to "http://localhost:3000/admin/"
      navigated to "http://localhost:3000/admin/"
      navigated to "http://localhost:3000/admin/"
      navigated to "http://localhost:3000/admin/"
      navigated to "http://localhost:3000/admin/"
      navigated to "http://localhost:3000/admin/"
      navigated to "http://localhost:3000/admin/"
      navigated to "http://localhost:3000/admin/"
      navigated to "http://localhost:3000/admin/"
      navigated to "http://localhost:3000/admin/"
      navigated to "http://localhost:3000/admin/"
      navigated to "http://localhost:3000/admin/"
      navigated to "http://localhost:3000/admin/"
      navigated to "http://localhost:3000/admin/"
      navigated to "http://localhost:3000/admin/"
      navigated to "http://localhost:3000/admin/"
      navigated to "http://localhost:3000/admin/"
      navigated to "http://localhost:3000/admin/"
      navigated to "http://localhost:3000/admin/"
      navigated to "http://localhost:3000/admin/"
      navigated to "http://localhost:3000/admin/"
      navigated to "http://localhost:3000/admin/"
      navigated to "http://localhost:3000/admin/"
      navigated to "http://localhost:3000/admin/"
      navigated to "http://localhost:3000/admin/"
      navigated to "http://localhost:3000/admin/"
      navigated to "http://localhost:3000/admin/"
      navigated to "http://localhost:3000/admin/"
      navigated to "http://localhost:3000/admin/"
      navigated to "http://localhost:3000/admin/"
      navigated to "http://localhost:3000/admin/"
      navigated to "http://localhost:3000/admin/"
      navigated to "http://localhost:3000/admin/"
      navigated to "http://localhost:3000/admin/"
      navigated to "http://localhost:3000/admin/"
      navigated to "http://localhost:3000/admin/"
      navigated to "http://localhost:3000/login?redirect=/"
      navigated to "http://localhost:3000/admin/"
      navigated to "http://localhost:3000/admin/"
      navigated to "http://localhost:3000/admin/"
      navigated to "http://localhost:3000/admin/"
      navigated to "http://localhost:3000/admin/"
      navigated to "http://localhost:3000/admin/"
      navigated to "http://localhost:3000/admin/"
      navigated to "http://localhost:3000/admin/"
      navigated to "http://localhost:3000/admin/"
      navigated to "http://localhost:3000/admin/"
      navigated to "http://localhost:3000/admin/"
      navigated to "http://localhost:3000/admin/"
      navigated to "http://localhost:3000/admin/"
      navigated to "http://localhost:3000/admin/"
      navigated to "http://localhost:3000/admin/"
      navigated to "http://localhost:3000/admin/"
      navigated to "http://localhost:3000/admin/"
      navigated to "http://localhost:3000/admin/"
      navigated to "http://localhost:3000/admin/"
      navigated to "http://localhost:3000/admin/"
      navigated to "http://localhost:3000/admin/"
      navigated to "http://localhost:3000/admin/"
      navigated to "http://localhost:3000/login?redirect=/"
      navigated to "http://localhost:3000/admin/"
      navigated to "http://localhost:3000/admin/"
      navigated to "http://localhost:3000/admin/"
      navigated to "http://localhost:3000/admin/"
      navigated to "http://localhost:3000/admin/"
      navigated to "http://localhost:3000/admin/"
      navigated to "http://localhost:3000/admin/"
      navigated to "http://localhost:3000/admin/"
      navigated to "http://localhost:3000/admin/"
      navigated to "http://localhost:3000/admin/"
      navigated to "http://localhost:3000/admin/"
      navigated to "http://localhost:3000/admin/"
      navigated to "http://localhost:3000/admin/"
      navigated to "http://localhost:3000/admin/"
      navigated to "http://localhost:3000/admin/"
      navigated to "http://localhost:3000/admin/"
      navigated to "http://localhost:3000/login?redirect=/"
      navigated to "http://localhost:3000/admin/"
      navigated to "http://localhost:3000/admin/"
      navigated to "http://localhost:3000/admin/"
      navigated to "http://localhost:3000/admin/"
      navigated to "http://localhost:3000/admin/"
      navigated to "http://localhost:3000/admin/"
      navigated to "http://localhost:3000/admin/"
      navigated to "http://localhost:3000/admin/"
      navigated to "http://localhost:3000/admin/"
      navigated to "http://localhost:3000/admin/"
      navigated to "http://localhost:3000/admin/"
      navigated to "http://localhost:3000/admin/"
      navigated to "http://localhost:3000/admin/"
      navigated to "http://localhost:3000/admin/"
      navigated to "http://localhost:3000/admin/"
      navigated to "http://localhost:3000/admin/"
      navigated to "http://localhost:3000/login?redirect=/"
      navigated to "http://localhost:3000/admin/"
      navigated to "http://localhost:3000/admin/"
      navigated to "http://localhost:3000/admin/"
      navigated to "http://localhost:3000/admin/"
      navigated to "http://localhost:3000/login?redirect=/"
      navigated to "http://localhost:3000/admin/"
      navigated to "http://localhost:3000/admin/"
      navigated to "http://localhost:3000/admin/"
      navigated to "http://localhost:3000/admin/"
      navigated to "http://localhost:3000/admin/"
      navigated to "http://localhost:3000/admin/"
      navigated to "http://localhost:3000/admin/"
      navigated to "http://localhost:3000/admin/"
      navigated to "http://localhost:3000/admin/"
      navigated to "http://localhost:3000/admin/"
      navigated to "http://localhost:3000/admin/"
      navigated to "http://localhost:3000/admin/"
      navigated to "http://localhost:3000/admin/"
      navigated to "http://localhost:3000/admin/"
      navigated to "http://localhost:3000/admin/"
      navigated to "http://localhost:3000/admin/"
      navigated to "http://localhost:3000/admin/"
      navigated to "http://localhost:3000/admin/"
      navigated to "http://localhost:3000/admin/"
      navigated to "http://localhost:3000/admin/"
      navigated to "http://localhost:3000/admin/"
      navigated to "http://localhost:3000/admin/"
      navigated to "http://localhost:3000/admin/"
      navigated to "http://localhost:3000/admin/"
      navigated to "http://localhost:3000/admin/"
      navigated to "http://localhost:3000/admin/"
      navigated to "http://localhost:3000/admin/"
      navigated to "http://localhost:3000/admin/"
      navigated to "http://localhost:3000/admin/"
      navigated to "http://localhost:3000/admin/"
      navigated to "http://localhost:3000/admin/"
      navigated to "http://localhost:3000/admin/"
      navigated to "http://localhost:3000/admin/"
      navigated to "http://localhost:3000/admin/"
      navigated to "http://localhost:3000/login?redirect=/"
      navigated to "http://localhost:3000/admin/"
      navigated to "http://localhost:3000/admin/"
      navigated to "http://localhost:3000/admin/"
      navigated to "http://localhost:3000/admin/"
      navigated to "http://localhost:3000/admin/"
      navigated to "http://localhost:3000/admin/"
      navigated to "http://localhost:3000/admin/"
      navigated to "http://localhost:3000/admin/"
      navigated to "http://localhost:3000/admin/"
      navigated to "http://localhost:3000/admin/"
      navigated to "http://localhost:3000/admin/"
      navigated to "http://localhost:3000/admin/"
      navigated to "http://localhost:3000/admin/"
      navigated to "http://localhost:3000/admin/"
      navigated to "http://localhost:3000/admin/"
      navigated to "http://localhost:3000/admin/"
      navigated to "http://localhost:3000/admin/"
      navigated to "http://localhost:3000/admin/"
      navigated to "http://localhost:3000/admin/"
      navigated to "http://localhost:3000/admin/"
      navigated to "http://localhost:3000/admin/"
      navigated to "http://localhost:3000/admin/"
      navigated to "http://localhost:3000/admin/"
      navigated to "http://localhost:3000/admin/"
      navigated to "http://localhost:3000/admin/"
      navigated to "http://localhost:3000/login?redirect=/"
      navigated to "http://localhost:3000/admin/"
      navigated to "http://localhost:3000/admin/"
      navigated to "http://localhost:3000/admin/"
      navigated to "http://localhost:3000/admin/"
      navigated to "http://localhost:3000/admin/"
      navigated to "http://localhost:3000/admin/"
      navigated to "http://localhost:3000/admin/"
      navigated to "http://localhost:3000/admin/"
      navigated to "http://localhost:3000/admin/"
      navigated to "http://localhost:3000/admin/"
      navigated to "http://localhost:3000/admin/"
      navigated to "http://localhost:3000/admin/"
      navigated to "http://localhost:3000/admin/"
      navigated to "http://localhost:3000/admin/"
      navigated to "http://localhost:3000/admin/"
      navigated to "http://localhost:3000/admin/"
      navigated to "http://localhost:3000/login?redirect=/"
      navigated to "http://localhost:3000/admin/"
      navigated to "http://localhost:3000/admin/"
      navigated to "http://localhost:3000/admin/"
      navigated to "http://localhost:3000/admin/"
      navigated to "http://localhost:3000/admin/"
      navigated to "http://localhost:3000/admin/"
      navigated to "http://localhost:3000/admin/"
      navigated to "http://localhost:3000/admin/"
      navigated to "http://localhost:3000/admin/"
      navigated to "http://localhost:3000/admin/"
      navigated to "http://localhost:3000/admin/"
      navigated to "http://localhost:3000/admin/"
      navigated to "http://localhost:3000/admin/"
      navigated to "http://localhost:3000/admin/"
      navigated to "http://localhost:3000/admin/"
      navigated to "http://localhost:3000/admin/"
      navigated to "http://localhost:3000/admin/"
      navigated to "http://localhost:3000/admin/"
      navigated to "http://localhost:3000/admin/"
      navigated to "http://localhost:3000/admin/"
      navigated to "http://localhost:3000/admin/"
      navigated to "http://localhost:3000/admin/"
      navigated to "http://localhost:3000/admin/"
      navigated to "http://localhost:3000/admin/"
      navigated to "http://localhost:3000/admin/"
      navigated to "http://localhost:3000/admin/"
      navigated to "http://localhost:3000/admin/"
      navigated to "http://localhost:3000/admin/"
      navigated to "http://localhost:3000/admin/"
      navigated to "http://localhost:3000/admin/"
      navigated to "http://localhost:3000/admin/"
      navigated to "http://localhost:3000/admin/"
      navigated to "http://localhost:3000/admin/"
      navigated to "http://localhost:3000/admin/"
      navigated to "http://localhost:3000/login?redirect=/"
      navigated to "http://localhost:3000/admin/"
      navigated to "http://localhost:3000/admin/"
      navigated to "http://localhost:3000/admin/"
      navigated to "http://localhost:3000/admin/"
      navigated to "http://localhost:3000/login?redirect=/"
      navigated to "http://localhost:3000/admin/"
      navigated to "http://localhost:3000/admin/"
      navigated to "http://localhost:3000/admin/"
      navigated to "http://localhost:3000/admin/"
      navigated to "http://localhost:3000/admin/"
      navigated to "http://localhost:3000/admin/"
      navigated to "http://localhost:3000/admin/"
      navigated to "http://localhost:3000/admin/"
      navigated to "http://localhost:3000/admin/"
      navigated to "http://localhost:3000/admin/"
      navigated to "http://localhost:3000/admin/"
      navigated to "http://localhost:3000/admin/"
      navigated to "http://localhost:3000/admin/"
      navigated to "http://localhost:3000/login?redirect=/"
      navigated to "http://localhost:3000/admin/"
      navigated to "http://localhost:3000/admin/"
      navigated to "http://localhost:3000/admin/"
      navigated to "http://localhost:3000/admin/"
      navigated to "http://localhost:3000/admin/"
      navigated to "http://localhost:3000/admin/"
      navigated to "http://localhost:3000/admin/"
      navigated to "http://localhost:3000/admin/"
      navigated to "http://localhost:3000/admin/"
      navigated to "http://localhost:3000/admin/"
      navigated to "http://localhost:3000/admin/"
      navigated to "http://localhost:3000/admin/"
      navigated to "http://localhost:3000/admin/"
      navigated to "http://localhost:3000/admin/"
      navigated to "http://localhost:3000/admin/"
      navigated to "http://localhost:3000/admin/"
      navigated to "http://localhost:3000/login?redirect=/"
      navigated to "http://localhost:3000/admin/"
      navigated to "http://localhost:3000/admin/"
      navigated to "http://localhost:3000/admin/"
      navigated to "http://localhost:3000/admin/"
      navigated to "http://localhost:3000/admin/"
      navigated to "http://localhost:3000/admin/"
      navigated to "http://localhost:3000/admin/"
      navigated to "http://localhost:3000/admin/"
      navigated to "http://localhost:3000/admin/"
      navigated to "http://localhost:3000/admin/"
      navigated to "http://localhost:3000/admin/"
      navigated to "http://localhost:3000/admin/"
      navigated to "http://localhost:3000/admin/"
      navigated to "http://localhost:3000/admin/"
      navigated to "http://localhost:3000/admin/"
      navigated to "http://localhost:3000/admin/"
      navigated to "http://localhost:3000/admin/"
      navigated to "http://localhost:3000/admin/"
      navigated to "http://localhost:3000/admin/"
      navigated to "http://localhost:3000/admin/"
      navigated to "http://localhost:3000/admin/"
      navigated to "http://localhost:3000/admin/"
      navigated to "http://localhost:3000/admin/"
      navigated to "http://localhost:3000/admin/"
      navigated to "http://localhost:3000/admin/"
      navigated to "http://localhost:3000/admin/"
      navigated to "http://localhost:3000/admin/"
      navigated to "http://localhost:3000/admin/"
      navigated to "http://localhost:3000/admin/"
      navigated to "http://localhost:3000/admin/"
      navigated to "http://localhost:3000/admin/"
      navigated to "http://localhost:3000/admin/"
      navigated to "http://localhost:3000/admin/"
      navigated to "http://localhost:3000/admin/"
      navigated to "http://localhost:3000/admin/"
      navigated to "http://localhost:3000/admin/"
      navigated to "http://localhost:3000/admin/"
      navigated to "http://localhost:3000/admin/"
      navigated to "http://localhost:3000/admin/"
      navigated to "http://localhost:3000/admin/"
      navigated to "http://localhost:3000/admin/"
      navigated to "http://localhost:3000/admin/"
      navigated to "http://localhost:3000/admin/"
      navigated to "http://localhost:3000/admin/"
      navigated to "http://localhost:3000/admin/"
      navigated to "http://localhost:3000/admin/"
      navigated to "http://localhost:3000/login?redirect=/"
      navigated to "http://localhost:3000/admin/"
      navigated to "http://localhost:3000/admin/"
      navigated to "http://localhost:3000/admin/"
      navigated to "http://localhost:3000/admin/"
      navigated to "http://localhost:3000/admin/"
      navigated to "http://localhost:3000/admin/"
      navigated to "http://localhost:3000/admin/"
      navigated to "http://localhost:3000/login?redirect=/"
      navigated to "http://localhost:3000/admin/"
      navigated to "http://localhost:3000/admin/"
      navigated to "http://localhost:3000/admin/"
      navigated to "http://localhost:3000/admin/"
      navigated to "http://localhost:3000/login?redirect=/"
      navigated to "http://localhost:3000/admin/"
      navigated to "http://localhost:3000/admin/"
      navigated to "http://localhost:3000/admin/"
      navigated to "http://localhost:3000/admin/"
      navigated to "http://localhost:3000/admin/"
      navigated to "http://localhost:3000/admin/"
      navigated to "http://localhost:3000/admin/"
      navigated to "http://localhost:3000/admin/"
      navigated to "http://localhost:3000/admin/"
      navigated to "http://localhost:3000/admin/"
      navigated to "http://localhost:3000/admin/"
      navigated to "http://localhost:3000/admin/"
      navigated to "http://localhost:3000/admin/"
      navigated to "http://localhost:3000/admin/"
      navigated to "http://localhost:3000/admin/"
      navigated to "http://localhost:3000/admin/"
      navigated to "http://localhost:3000/admin/"
      navigated to "http://localhost:3000/admin/"
      navigated to "http://localhost:3000/admin/"
      navigated to "http://localhost:3000/login?redirect=/"
      navigated to "http://localhost:3000/admin/"
      navigated to "http://localhost:3000/admin/"
      navigated to "http://localhost:3000/admin/"
      navigated to "http://localhost:3000/admin/"
      navigated to "http://localhost:3000/admin/"
      navigated to "http://localhost:3000/admin/"
      navigated to "http://localhost:3000/admin/"
      navigated to "http://localhost:3000/admin/"
      navigated to "http://localhost:3000/admin/"
      navigated to "http://localhost:3000/admin/"
      navigated to "http://localhost:3000/login?redirect=/"
      navigated to "http://localhost:3000/admin/"
      navigated to "http://localhost:3000/admin/"
      navigated to "http://localhost:3000/admin/"
      navigated to "http://localhost:3000/admin/"
      navigated to "http://localhost:3000/login?redirect=/"
      navigated to "http://localhost:3000/admin/"
      navigated to "http://localhost:3000/admin/"
      navigated to "http://localhost:3000/admin/"
      navigated to "http://localhost:3000/admin/"
      navigated to "http://localhost:3000/login?redirect=/"
      navigated to "http://localhost:3000/admin/"
      navigated to "http://localhost:3000/admin/"
      navigated to "http://localhost:3000/admin/"
      navigated to "http://localhost:3000/admin/"
      navigated to "http://localhost:3000/login?redirect=/"
      navigated to "http://localhost:3000/admin/"
      navigated to "http://localhost:3000/admin/"
      navigated to "http://localhost:3000/admin/"
      navigated to "http://localhost:3000/admin/"
      navigated to "http://localhost:3000/login?redirect=/"
      navigated to "http://localhost:3000/admin/"
      navigated to "http://localhost:3000/admin/"
      navigated to "http://localhost:3000/admin/"
      navigated to "http://localhost:3000/admin/"
      navigated to "http://localhost:3000/login?redirect=/"
      navigated to "http://localhost:3000/admin/"
      navigated to "http://localhost:3000/admin/"
      navigated to "http://localhost:3000/admin/"
      navigated to "http://localhost:3000/admin/"
      navigated to "http://localhost:3000/admin/"
      navigated to "http://localhost:3000/admin/"
      navigated to "http://localhost:3000/admin/"
      navigated to "http://localhost:3000/admin/"
      navigated to "http://localhost:3000/admin/"
      navigated to "http://localhost:3000/admin/"
      navigated to "http://localhost:3000/login?redirect=/"
      navigated to "http://localhost:3000/admin/"
      navigated to "http://localhost:3000/admin/"
      navigated to "http://localhost:3000/admin/"
      navigated to "http://localhost:3000/admin/"
      navigated to "http://localhost:3000/admin/"
      navigated to "http://localhost:3000/admin/"
      navigated to "http://localhost:3000/admin/"
      navigated to "http://localhost:3000/login?redirect=/"
      navigated to "http://localhost:3000/admin/"
      navigated to "http://localhost:3000/admin/"
      navigated to "http://localhost:3000/admin/"
      navigated to "http://localhost:3000/admin/"
      navigated to "http://localhost:3000/admin/"
      navigated to "http://localhost:3000/admin/"
      navigated to "http://localhost:3000/admin/"
      navigated to "http://localhost:3000/admin/"
      navigated to "http://localhost:3000/admin/"
      navigated to "http://localhost:3000/admin/"
      navigated to "http://localhost:3000/login?redirect=/"
      navigated to "http://localhost:3000/admin/"
      navigated to "http://localhost:3000/admin/"
      navigated to "http://localhost:3000/admin/"
      navigated to "http://localhost:3000/admin/"
      navigated to "http://localhost:3000/login?redirect=/"
      navigated to "http://localhost:3000/admin/"
      navigated to "http://localhost:3000/admin/"
      navigated to "http://localhost:3000/admin/"
      navigated to "http://localhost:3000/admin/"
      navigated to "http://localhost:3000/admin/"
      navigated to "http://localhost:3000/admin/"
      navigated to "http://localhost:3000/admin/"
      navigated to "http://localhost:3000/admin/"
      navigated to "http://localhost:3000/admin/"
      navigated to "http://localhost:3000/admin/"
      navigated to "http://localhost:3000/admin/"
      navigated to "http://localhost:3000/admin/"
      navigated to "http://localhost:3000/admin/"
      navigated to "http://localhost:3000/admin/"
      navigated to "http://localhost:3000/admin/"
      navigated to "http://localhost:3000/admin/"
      navigated to "http://localhost:3000/admin/"
      navigated to "http://localhost:3000/admin/"
      navigated to "http://localhost:3000/admin/"
      navigated to "http://localhost:3000/login?redirect=/"
      navigated to "http://localhost:3000/admin/"
      navigated to "http://localhost:3000/admin/"
      navigated to "http://localhost:3000/admin/"
      navigated to "http://localhost:3000/admin/"
      navigated to "http://localhost:3000/login?redirect=/"
      navigated to "http://localhost:3000/admin/"
      navigated to "http://localhost:3000/admin/"
      navigated to "http://localhost:3000/admin/"
      navigated to "http://localhost:3000/admin/"
      navigated to "http://localhost:3000/admin/"
      navigated to "http://localhost:3000/admin/"
      navigated to "http://localhost:3000/admin/"
      navigated to "http://localhost:3000/login?redirect=/"
      navigated to "http://localhost:3000/admin/"
      navigated to "http://localhost:3000/admin/"
      navigated to "http://localhost:3000/admin/"
      navigated to "http://localhost:3000/admin/"
      navigated to "http://localhost:3000/admin/"
      navigated to "http://localhost:3000/admin/"
      navigated to "http://localhost:3000/admin/"
      navigated to "http://localhost:3000/admin/"
      navigated to "http://localhost:3000/admin/"
      navigated to "http://localhost:3000/admin/"
      navigated to "http://localhost:3000/login?redirect=/"
      navigated to "http://localhost:3000/admin/"
      navigated to "http://localhost:3000/admin/"
      navigated to "http://localhost:3000/admin/"
      navigated to "http://localhost:3000/admin/"
      navigated to "http://localhost:3000/admin/"
      navigated to "http://localhost:3000/admin/"
      navigated to "http://localhost:3000/admin/"
      navigated to "http://localhost:3000/admin/"
      navigated to "http://localhost:3000/admin/"
      navigated to "http://localhost:3000/admin/"
      navigated to "http://localhost:3000/admin/"
      navigated to "http://localhost:3000/admin/"
      navigated to "http://localhost:3000/admin/"
      navigated to "http://localhost:3000/admin/"
      navigated to "http://localhost:3000/admin/"
      navigated to "http://localhost:3000/admin/"
      navigated to "http://localhost:3000/admin/"
      navigated to "http://localhost:3000/admin/"
      navigated to "http://localhost:3000/admin/"
      navigated to "http://localhost:3000/admin/"
      navigated to "http://localhost:3000/admin/"
      navigated to "http://localhost:3000/admin/"
      navigated to "http://localhost:3000/admin/"
      navigated to "http://localhost:3000/admin/"
      navigated to "http://localhost:3000/admin/"
      navigated to "http://localhost:3000/admin/"
      navigated to "http://localhost:3000/admin/"
      navigated to "http://localhost:3000/admin/"
      navigated to "http://localhost:3000/admin/"
      navigated to "http://localhost:3000/admin/"
      navigated to "http://localhost:3000/admin/"
      navigated to "http://localhost:3000/admin/"
      navigated to "http://localhost:3000/admin/"
      navigated to "http://localhost:3000/admin/"
      navigated to "http://localhost:3000/admin/"
      navigated to "http://localhost:3000/admin/"
      navigated to "http://localhost:3000/admin/"
      navigated to "http://localhost:3000/admin/"
      navigated to "http://localhost:3000/admin/"
      navigated to "http://localhost:3000/admin/"
      navigated to "http://localhost:3000/admin/"
      navigated to "http://localhost:3000/admin/"
      navigated to "http://localhost:3000/admin/"
      navigated to "http://localhost:3000/admin/"
      navigated to "http://localhost:3000/admin/"
      navigated to "http://localhost:3000/admin/"
      navigated to "http://localhost:3000/admin/"
      navigated to "http://localhost:3000/admin/"
      navigated to "http://localhost:3000/admin/"
      navigated to "http://localhost:3000/admin/"
      navigated to "http://localhost:3000/admin/"
      navigated to "http://localhost:3000/admin/"
      navigated to "http://localhost:3000/admin/"
      navigated to "http://localhost:3000/admin/"
      navigated to "http://localhost:3000/admin/"
      navigated to "http://localhost:3000/admin/"
      navigated to "http://localhost:3000/admin/"
      navigated to "http://localhost:3000/admin/"
      navigated to "http://localhost:3000/admin/"
      navigated to "http://localhost:3000/admin/"
      navigated to "http://localhost:3000/admin/"
      navigated to "http://localhost:3000/admin/"
      navigated to "http://localhost:3000/admin/"
      navigated to "http://localhost:3000/admin/"
      navigated to "http://localhost:3000/login?redirect=/"
      navigated to "http://localhost:3000/admin/"
      navigated to "http://localhost:3000/admin/"
      navigated to "http://localhost:3000/admin/"
      navigated to "http://localhost:3000/admin/"
      navigated to "http://localhost:3000/login?redirect=/"
      navigated to "http://localhost:3000/admin/"
      navigated to "http://localhost:3000/admin/"
      navigated to "http://localhost:3000/admin/"
      navigated to "http://localhost:3000/admin/"
      navigated to "http://localhost:3000/admin/"
      navigated to "http://localhost:3000/admin/"
      navigated to "http://localhost:3000/admin/"
      navigated to "http://localhost:3000/admin/"
      navigated to "http://localhost:3000/admin/"
      navigated to "http://localhost:3000/admin/"
      navigated to "http://localhost:3000/login?redirect=/"
      navigated to "http://localhost:3000/admin/"
      navigated to "http://localhost:3000/admin/"
      navigated to "http://localhost:3000/admin/"
      navigated to "http://localhost:3000/admin/"
      navigated to "http://localhost:3000/admin/"
      navigated to "http://localhost:3000/admin/"
      navigated to "http://localhost:3000/admin/"
      navigated to "http://localhost:3000/admin/"
      navigated to "http://localhost:3000/admin/"
      navigated to "http://localhost:3000/admin/"
      navigated to "http://localhost:3000/admin/"
      navigated to "http://localhost:3000/admin/"
      navigated to "http://localhost:3000/admin/"
      navigated to "http://localhost:3000/admin/"
      navigated to "http://localhost:3000/admin/"
      navigated to "http://localhost:3000/admin/"
      navigated to "http://localhost:3000/admin/"
      navigated to "http://localhost:3000/admin/"
      navigated to "http://localhost:3000/admin/"
      navigated to "http://localhost:3000/admin/"
      navigated to "http://localhost:3000/admin/"
      navigated to "http://localhost:3000/admin/"
      navigated to "http://localhost:3000/admin/"
      navigated to "http://localhost:3000/admin/"
      navigated to "http://localhost:3000/admin/"
      navigated to "http://localhost:3000/admin/"
      navigated to "http://localhost:3000/admin/"
      navigated to "http://localhost:3000/admin/"
      navigated to "http://localhost:3000/login?redirect=/"
      navigated to "http://localhost:3000/admin/"
      navigated to "http://localhost:3000/admin/"
      navigated to "http://localhost:3000/admin/"
      navigated to "http://localhost:3000/admin/"
      navigated to "http://localhost:3000/login?redirect=/"
      navigated to "http://localhost:3000/admin/"
      navigated to "http://localhost:3000/admin/"
      navigated to "http://localhost:3000/admin/"
      navigated to "http://localhost:3000/admin/"
      navigated to "http://localhost:3000/login?redirect=/"
      navigated to "http://localhost:3000/admin/"
      navigated to "http://localhost:3000/admin/"
      navigated to "http://localhost:3000/admin/"
      navigated to "http://localhost:3000/admin/"
      navigated to "http://localhost:3000/admin/"
      navigated to "http://localhost:3000/admin/"
      navigated to "http://localhost:3000/admin/"
      navigated to "http://localhost:3000/admin/"
      navigated to "http://localhost:3000/admin/"
      navigated to "http://localhost:3000/admin/"
      navigated to "http://localhost:3000/admin/"
      navigated to "http://localhost:3000/admin/"
      navigated to "http://localhost:3000/admin/"
      navigated to "http://localhost:3000/admin/"
      navigated to "http://localhost:3000/admin/"
      navigated to "http://localhost:3000/admin/"
      navigated to "http://localhost:3000/admin/"
      navigated to "http://localhost:3000/admin/"
      navigated to "http://localhost:3000/admin/"
      navigated to "http://localhost:3000/admin/"
      navigated to "http://localhost:3000/admin/"
      navigated to "http://localhost:3000/admin/"
      navigated to "http://localhost:3000/admin/"
      navigated to "http://localhost:3000/admin/"
      navigated to "http://localhost:3000/admin/"
      navigated to "http://localhost:3000/admin/"
      navigated to "http://localhost:3000/admin/"
      navigated to "http://localhost:3000/admin/"
      navigated to "http://localhost:3000/admin/"
      navigated to "http://localhost:3000/admin/"
      navigated to "http://localhost:3000/admin/"
      navigated to "http://localhost:3000/admin/"
      navigated to "http://localhost:3000/admin/"
      navigated to "http://localhost:3000/admin/"
      navigated to "http://localhost:3000/admin/"
      navigated to "http://localhost:3000/admin/"
      navigated to "http://localhost:3000/admin/"
      navigated to "http://localhost:3000/admin/"
      navigated to "http://localhost:3000/admin/"
      navigated to "http://localhost:3000/admin/"
      navigated to "http://localhost:3000/admin/"
      navigated to "http://localhost:3000/admin/"
      navigated to "http://localhost:3000/admin/"
    ============================================================

      90 |     
      91 |     // Should be redirected to login
    > 92 |     await page.waitForURL('**/login**');
         |                ^
      93 |     expect(page.url()).toContain('/login');
      94 |   });
      95 |
        at /Users/nickberens/Webstorm/nickberens/tests/e2e/auth.spec.js:92:16

    attachment #1: screenshot (image/png) ──────────────────────────────────────────────────────────
    ../../test-results/auth-Admin-Authentication--0310d-cess-without-authentication-unauthenticated/test-failed-1.png
    ────────────────────────────────────────────────────────────────────────────────────────────────

    attachment #2: video (video/webm) ──────────────────────────────────────────────────────────────
    ../../test-results/auth-Admin-Authentication--0310d-cess-without-authentication-unauthenticated/video.webm
    ────────────────────────────────────────────────────────────────────────────────────────────────
]]>
</failure>
<system-out>
<![CDATA[
[[ATTACHMENT|auth-Admin-Authentication--0310d-cess-without-authentication-unauthenticated/test-failed-1.png]]

[[ATTACHMENT|auth-Admin-Authentication--0310d-cess-without-authentication-unauthenticated/video.webm]]
]]>
</system-out>
</testcase>
<testcase name="Admin Authentication Flow › authentication with remember redirect" classname="auth.spec.js" time="15.984">
<failure message="auth.spec.js:96:3 authentication with remember redirect" type="FAILURE">
<![CDATA[  [unauthenticated] › auth.spec.js:96:3 › Admin Authentication Flow › authentication with remember redirect 

    TimeoutError: page.waitForURL: Timeout 15000ms exceeded.
    =========================== logs ===========================
    waiting for navigation to "**/login**" until "load"
      navigated to "http://localhost:3000/settings/followup"
      navigated to "http://localhost:3000/settings/followup"
      navigated to "http://localhost:3000/admin/"
      navigated to "http://localhost:3000/admin/"
      navigated to "http://localhost:3000/admin/"
      navigated to "http://localhost:3000/admin/"
      navigated to "http://localhost:3000/admin/"
      navigated to "http://localhost:3000/admin/"
      navigated to "http://localhost:3000/admin/"
      navigated to "http://localhost:3000/admin/"
      navigated to "http://localhost:3000/admin/"
      navigated to "http://localhost:3000/admin/"
      navigated to "http://localhost:3000/admin/"
      navigated to "http://localhost:3000/admin/"
      navigated to "http://localhost:3000/admin/"
      navigated to "http://localhost:3000/login?redirect=/"
      navigated to "http://localhost:3000/admin/"
      navigated to "http://localhost:3000/admin/"
      navigated to "http://localhost:3000/admin/"
      navigated to "http://localhost:3000/admin/"
      navigated to "http://localhost:3000/login?redirect=/"
      navigated to "http://localhost:3000/admin/"
      navigated to "http://localhost:3000/admin/"
      navigated to "http://localhost:3000/admin/"
      navigated to "http://localhost:3000/admin/"
      navigated to "http://localhost:3000/admin/"
      navigated to "http://localhost:3000/admin/"
      navigated to "http://localhost:3000/admin/"
      navigated to "http://localhost:3000/admin/"
      navigated to "http://localhost:3000/admin/"
      navigated to "http://localhost:3000/admin/"
      navigated to "http://localhost:3000/admin/"
      navigated to "http://localhost:3000/admin/"
      navigated to "http://localhost:3000/admin/"
      navigated to "http://localhost:3000/admin/"
      navigated to "http://localhost:3000/admin/"
      navigated to "http://localhost:3000/admin/"
      navigated to "http://localhost:3000/admin/"
      navigated to "http://localhost:3000/admin/"
      navigated to "http://localhost:3000/admin/"
      navigated to "http://localhost:3000/admin/"
      navigated to "http://localhost:3000/admin/"
      navigated to "http://localhost:3000/admin/"
      navigated to "http://localhost:3000/admin/"
      navigated to "http://localhost:3000/admin/"
      navigated to "http://localhost:3000/admin/"
      navigated to "http://localhost:3000/admin/"
      navigated to "http://localhost:3000/admin/"
      navigated to "http://localhost:3000/admin/"
      navigated to "http://localhost:3000/login?redirect=/"
      navigated to "http://localhost:3000/admin/"
      navigated to "http://localhost:3000/admin/"
      navigated to "http://localhost:3000/admin/"
      navigated to "http://localhost:3000/admin/"
      navigated to "http://localhost:3000/admin/"
      navigated to "http://localhost:3000/admin/"
      navigated to "http://localhost:3000/admin/"
      navigated to "http://localhost:3000/admin/"
      navigated to "http://localhost:3000/admin/"
      navigated to "http://localhost:3000/admin/"
      navigated to "http://localhost:3000/admin/"
      navigated to "http://localhost:3000/admin/"
      navigated to "http://localhost:3000/admin/"
      navigated to "http://localhost:3000/admin/"
      navigated to "http://localhost:3000/admin/"
      navigated to "http://localhost:3000/admin/"
      navigated to "http://localhost:3000/admin/"
      navigated to "http://localhost:3000/admin/"
      navigated to "http://localhost:3000/admin/"
      navigated to "http://localhost:3000/admin/"
      navigated to "http://localhost:3000/admin/"
      navigated to "http://localhost:3000/admin/"
      navigated to "http://localhost:3000/admin/"
      navigated to "http://localhost:3000/admin/"
      navigated to "http://localhost:3000/admin/"
      navigated to "http://localhost:3000/admin/"
      navigated to "http://localhost:3000/admin/"
      navigated to "http://localhost:3000/admin/"
      navigated to "http://localhost:3000/admin/"
      navigated to "http://localhost:3000/admin/"
      navigated to "http://localhost:3000/admin/"
      navigated to "http://localhost:3000/admin/"
      navigated to "http://localhost:3000/admin/"
      navigated to "http://localhost:3000/admin/"
      navigated to "http://localhost:3000/admin/"
      navigated to "http://localhost:3000/admin/"
      navigated to "http://localhost:3000/admin/"
      navigated to "http://localhost:3000/admin/"
      navigated to "http://localhost:3000/admin/"
      navigated to "http://localhost:3000/admin/"
      navigated to "http://localhost:3000/admin/"
      navigated to "http://localhost:3000/admin/"
      navigated to "http://localhost:3000/admin/"
      navigated to "http://localhost:3000/admin/"
      navigated to "http://localhost:3000/admin/"
      navigated to "http://localhost:3000/admin/"
      navigated to "http://localhost:3000/admin/"
      navigated to "http://localhost:3000/admin/"
      navigated to "http://localhost:3000/admin/"
      navigated to "http://localhost:3000/admin/"
      navigated to "http://localhost:3000/admin/"
      navigated to "http://localhost:3000/admin/"
      navigated to "http://localhost:3000/admin/"
      navigated to "http://localhost:3000/admin/"
      navigated to "http://localhost:3000/admin/"
      navigated to "http://localhost:3000/admin/"
      navigated to "http://localhost:3000/admin/"
      navigated to "http://localhost:3000/admin/"
      navigated to "http://localhost:3000/admin/"
      navigated to "http://localhost:3000/admin/"
      navigated to "http://localhost:3000/admin/"
      navigated to "http://localhost:3000/admin/"
      navigated to "http://localhost:3000/admin/"
      navigated to "http://localhost:3000/admin/"
      navigated to "http://localhost:3000/admin/"
      navigated to "http://localhost:3000/admin/"
      navigated to "http://localhost:3000/admin/"
      navigated to "http://localhost:3000/admin/"
      navigated to "http://localhost:3000/admin/"
      navigated to "http://localhost:3000/admin/"
      navigated to "http://localhost:3000/admin/"
      navigated to "http://localhost:3000/admin/"
      navigated to "http://localhost:3000/admin/"
      navigated to "http://localhost:3000/admin/"
      navigated to "http://localhost:3000/admin/"
      navigated to "http://localhost:3000/admin/"
      navigated to "http://localhost:3000/admin/"
      navigated to "http://localhost:3000/admin/"
      navigated to "http://localhost:3000/admin/"
      navigated to "http://localhost:3000/admin/"
      navigated to "http://localhost:3000/admin/"
      navigated to "http://localhost:3000/admin/"
      navigated to "http://localhost:3000/admin/"
      navigated to "http://localhost:3000/admin/"
      navigated to "http://localhost:3000/admin/"
      navigated to "http://localhost:3000/admin/"
      navigated to "http://localhost:3000/admin/"
      navigated to "http://localhost:3000/admin/"
      navigated to "http://localhost:3000/admin/"
      navigated to "http://localhost:3000/admin/"
      navigated to "http://localhost:3000/admin/"
      navigated to "http://localhost:3000/admin/"
      navigated to "http://localhost:3000/admin/"
      navigated to "http://localhost:3000/admin/"
      navigated to "http://localhost:3000/admin/"
      navigated to "http://localhost:3000/admin/"
      navigated to "http://localhost:3000/admin/"
      navigated to "http://localhost:3000/admin/"
      navigated to "http://localhost:3000/admin/"
      navigated to "http://localhost:3000/admin/"
      navigated to "http://localhost:3000/admin/"
      navigated to "http://localhost:3000/admin/"
      navigated to "http://localhost:3000/admin/"
      navigated to "http://localhost:3000/admin/"
      navigated to "http://localhost:3000/admin/"
      navigated to "http://localhost:3000/admin/"
      navigated to "http://localhost:3000/admin/"
      navigated to "http://localhost:3000/admin/"
      navigated to "http://localhost:3000/admin/"
      navigated to "http://localhost:3000/admin/"
      navigated to "http://localhost:3000/admin/"
      navigated to "http://localhost:3000/admin/"
      navigated to "http://localhost:3000/admin/"
      navigated to "http://localhost:3000/admin/"
      navigated to "http://localhost:3000/admin/"
      navigated to "http://localhost:3000/admin/"
      navigated to "http://localhost:3000/admin/"
      navigated to "http://localhost:3000/admin/"
      navigated to "http://localhost:3000/admin/"
      navigated to "http://localhost:3000/admin/"
      navigated to "http://localhost:3000/admin/"
      navigated to "http://localhost:3000/admin/"
      navigated to "http://localhost:3000/admin/"
[...]
      navigated to "http://localhost:3000/admin/"
      navigated to "http://localhost:3000/admin/"
      navigated to "http://localhost:3000/admin/"
      navigated to "http://localhost:3000/admin/"
      navigated to "http://localhost:3000/admin/"
      navigated to "http://localhost:3000/admin/"
      navigated to "http://localhost:3000/admin/"
      navigated to "http://localhost:3000/admin/"
      navigated to "http://localhost:3000/admin/"
      navigated to "http://localhost:3000/login?redirect=/"
      navigated to "http://localhost:3000/admin/"
      navigated to "http://localhost:3000/admin/"
      navigated to "http://localhost:3000/admin/"
      navigated to "http://localhost:3000/admin/"
      navigated to "http://localhost:3000/admin/"
      navigated to "http://localhost:3000/admin/"
      navigated to "http://localhost:3000/admin/"
      navigated to "http://localhost:3000/admin/"
      navigated to "http://localhost:3000/admin/"
      navigated to "http://localhost:3000/admin/"
      navigated to "http://localhost:3000/admin/"
      navigated to "http://localhost:3000/admin/"
      navigated to "http://localhost:3000/admin/"
      navigated to "http://localhost:3000/admin/"
      navigated to "http://localhost:3000/admin/"
      navigated to "http://localhost:3000/admin/"
      navigated to "http://localhost:3000/admin/"
      navigated to "http://localhost:3000/admin/"
      navigated to "http://localhost:3000/admin/"
      navigated to "http://localhost:3000/admin/"
      navigated to "http://localhost:3000/admin/"
      navigated to "http://localhost:3000/admin/"
      navigated to "http://localhost:3000/admin/"
      navigated to "http://localhost:3000/admin/"
      navigated to "http://localhost:3000/admin/"
      navigated to "http://localhost:3000/admin/"
      navigated to "http://localhost:3000/admin/"
      navigated to "http://localhost:3000/admin/"
      navigated to "http://localhost:3000/admin/"
      navigated to "http://localhost:3000/admin/"
      navigated to "http://localhost:3000/admin/"
      navigated to "http://localhost:3000/admin/"
      navigated to "http://localhost:3000/admin/"
      navigated to "http://localhost:3000/admin/"
      navigated to "http://localhost:3000/admin/"
      navigated to "http://localhost:3000/admin/"
      navigated to "http://localhost:3000/admin/"
      navigated to "http://localhost:3000/admin/"
      navigated to "http://localhost:3000/admin/"
      navigated to "http://localhost:3000/admin/"
      navigated to "http://localhost:3000/admin/"
      navigated to "http://localhost:3000/admin/"
      navigated to "http://localhost:3000/login?redirect=/"
      navigated to "http://localhost:3000/admin/"
      navigated to "http://localhost:3000/admin/"
      navigated to "http://localhost:3000/admin/"
      navigated to "http://localhost:3000/admin/"
      navigated to "http://localhost:3000/login?redirect=/"
      navigated to "http://localhost:3000/admin/"
      navigated to "http://localhost:3000/admin/"
      navigated to "http://localhost:3000/admin/"
      navigated to "http://localhost:3000/admin/"
      navigated to "http://localhost:3000/admin/"
      navigated to "http://localhost:3000/admin/"
      navigated to "http://localhost:3000/admin/"
      navigated to "http://localhost:3000/admin/"
      navigated to "http://localhost:3000/admin/"
      navigated to "http://localhost:3000/admin/"
      navigated to "http://localhost:3000/admin/"
      navigated to "http://localhost:3000/admin/"
      navigated to "http://localhost:3000/admin/"
      navigated to "http://localhost:3000/admin/"
      navigated to "http://localhost:3000/admin/"
      navigated to "http://localhost:3000/admin/"
      navigated to "http://localhost:3000/admin/"
      navigated to "http://localhost:3000/admin/"
      navigated to "http://localhost:3000/admin/"
      navigated to "http://localhost:3000/admin/"
      navigated to "http://localhost:3000/admin/"
      navigated to "http://localhost:3000/admin/"
      navigated to "http://localhost:3000/admin/"
      navigated to "http://localhost:3000/admin/"
      navigated to "http://localhost:3000/admin/"
      navigated to "http://localhost:3000/admin/"
      navigated to "http://localhost:3000/admin/"
      navigated to "http://localhost:3000/admin/"
      navigated to "http://localhost:3000/admin/"
      navigated to "http://localhost:3000/admin/"
      navigated to "http://localhost:3000/admin/"
      navigated to "http://localhost:3000/admin/"
      navigated to "http://localhost:3000/admin/"
      navigated to "http://localhost:3000/admin/"
      navigated to "http://localhost:3000/admin/"
      navigated to "http://localhost:3000/admin/"
      navigated to "http://localhost:3000/admin/"
      navigated to "http://localhost:3000/admin/"
      navigated to "http://localhost:3000/admin/"
      navigated to "http://localhost:3000/admin/"
      navigated to "http://localhost:3000/admin/"
      navigated to "http://localhost:3000/admin/"
      navigated to "http://localhost:3000/admin/"
      navigated to "http://localhost:3000/login?redirect=/"
      navigated to "http://localhost:3000/admin/"
      navigated to "http://localhost:3000/admin/"
      navigated to "http://localhost:3000/admin/"
      navigated to "http://localhost:3000/admin/"
      navigated to "http://localhost:3000/login?redirect=/"
      navigated to "http://localhost:3000/admin/"
      navigated to "http://localhost:3000/admin/"
      navigated to "http://localhost:3000/admin/"
      navigated to "http://localhost:3000/admin/"
      navigated to "http://localhost:3000/login?redirect=/"
      navigated to "http://localhost:3000/admin/"
      navigated to "http://localhost:3000/admin/"
      navigated to "http://localhost:3000/admin/"
      navigated to "http://localhost:3000/admin/"
      navigated to "http://localhost:3000/login?redirect=/"
      navigated to "http://localhost:3000/admin/"
      navigated to "http://localhost:3000/admin/"
      navigated to "http://localhost:3000/admin/"
      navigated to "http://localhost:3000/admin/"
      navigated to "http://localhost:3000/login?redirect=/"
      navigated to "http://localhost:3000/admin/"
      navigated to "http://localhost:3000/admin/"
      navigated to "http://localhost:3000/admin/"
      navigated to "http://localhost:3000/admin/"
      navigated to "http://localhost:3000/login?redirect=/"
      navigated to "http://localhost:3000/admin/"
      navigated to "http://localhost:3000/admin/"
      navigated to "http://localhost:3000/admin/"
      navigated to "http://localhost:3000/admin/"
      navigated to "http://localhost:3000/admin/"
      navigated to "http://localhost:3000/admin/"
      navigated to "http://localhost:3000/admin/"
      navigated to "http://localhost:3000/login?redirect=/"
      navigated to "http://localhost:3000/admin/"
      navigated to "http://localhost:3000/admin/"
      navigated to "http://localhost:3000/admin/"
      navigated to "http://localhost:3000/admin/"
      navigated to "http://localhost:3000/admin/"
      navigated to "http://localhost:3000/admin/"
      navigated to "http://localhost:3000/admin/"
      navigated to "http://localhost:3000/admin/"
      navigated to "http://localhost:3000/admin/"
      navigated to "http://localhost:3000/admin/"
      navigated to "http://localhost:3000/login?redirect=/"
      navigated to "http://localhost:3000/admin/"
      navigated to "http://localhost:3000/admin/"
      navigated to "http://localhost:3000/admin/"
      navigated to "http://localhost:3000/admin/"
      navigated to "http://localhost:3000/login?redirect=/"
      navigated to "http://localhost:3000/admin/"
      navigated to "http://localhost:3000/admin/"
      navigated to "http://localhost:3000/admin/"
      navigated to "http://localhost:3000/admin/"
      navigated to "http://localhost:3000/admin/"
      navigated to "http://localhost:3000/admin/"
      navigated to "http://localhost:3000/admin/"
      navigated to "http://localhost:3000/admin/"
      navigated to "http://localhost:3000/admin/"
      navigated to "http://localhost:3000/admin/"
      navigated to "http://localhost:3000/admin/"
      navigated to "http://localhost:3000/admin/"
      navigated to "http://localhost:3000/admin/"
      navigated to "http://localhost:3000/login?redirect=/"
      navigated to "http://localhost:3000/admin/"
      navigated to "http://localhost:3000/admin/"
      navigated to "http://localhost:3000/admin/"
      navigated to "http://localhost:3000/admin/"
      navigated to "http://localhost:3000/admin/"
      navigated to "http://localhost:3000/admin/"
      navigated to "http://localhost:3000/admin/"
      navigated to "http://localhost:3000/admin/"
      navigated to "http://localhost:3000/admin/"
      navigated to "http://localhost:3000/admin/"
      navigated to "http://localhost:3000/admin/"
      navigated to "http://localhost:3000/admin/"
      navigated to "http://localhost:3000/admin/"
      navigated to "http://localhost:3000/admin/"
      navigated to "http://localhost:3000/admin/"
      navigated to "http://localhost:3000/admin/"
      navigated to "http://localhost:3000/admin/"
      navigated to "http://localhost:3000/admin/"
      navigated to "http://localhost:3000/admin/"
      navigated to "http://localhost:3000/admin/"
      navigated to "http://localhost:3000/admin/"
      navigated to "http://localhost:3000/admin/"
      navigated to "http://localhost:3000/admin/"
      navigated to "http://localhost:3000/admin/"
      navigated to "http://localhost:3000/admin/"
      navigated to "http://localhost:3000/admin/"
      navigated to "http://localhost:3000/admin/"
      navigated to "http://localhost:3000/admin/"
      navigated to "http://localhost:3000/admin/"
      navigated to "http://localhost:3000/admin/"
      navigated to "http://localhost:3000/admin/"
      navigated to "http://localhost:3000/admin/"
      navigated to "http://localhost:3000/admin/"
      navigated to "http://localhost:3000/admin/"
      navigated to "http://localhost:3000/admin/"
      navigated to "http://localhost:3000/admin/"
      navigated to "http://localhost:3000/admin/"
      navigated to "http://localhost:3000/admin/"
      navigated to "http://localhost:3000/admin/"
      navigated to "http://localhost:3000/admin/"
      navigated to "http://localhost:3000/admin/"
      navigated to "http://localhost:3000/admin/"
      navigated to "http://localhost:3000/admin/"
      navigated to "http://localhost:3000/admin/"
      navigated to "http://localhost:3000/admin/"
      navigated to "http://localhost:3000/admin/"
      navigated to "http://localhost:3000/admin/"
      navigated to "http://localhost:3000/admin/"
      navigated to "http://localhost:3000/admin/"
      navigated to "http://localhost:3000/admin/"
      navigated to "http://localhost:3000/admin/"
      navigated to "http://localhost:3000/admin/"
      navigated to "http://localhost:3000/admin/"
      navigated to "http://localhost:3000/admin/"
      navigated to "http://localhost:3000/admin/"
      navigated to "http://localhost:3000/admin/"
      navigated to "http://localhost:3000/admin/"
      navigated to "http://localhost:3000/admin/"
      navigated to "http://localhost:3000/admin/"
      navigated to "http://localhost:3000/admin/"
      navigated to "http://localhost:3000/admin/"
      navigated to "http://localhost:3000/admin/"
      navigated to "http://localhost:3000/admin/"
      navigated to "http://localhost:3000/admin/"
      navigated to "http://localhost:3000/admin/"
      navigated to "http://localhost:3000/admin/"
      navigated to "http://localhost:3000/admin/"
      navigated to "http://localhost:3000/admin/"
      navigated to "http://localhost:3000/admin/"
      navigated to "http://localhost:3000/admin/"
      navigated to "http://localhost:3000/admin/"
      navigated to "http://localhost:3000/admin/"
      navigated to "http://localhost:3000/admin/"
      navigated to "http://localhost:3000/login?redirect=/"
      navigated to "http://localhost:3000/admin/"
      navigated to "http://localhost:3000/admin/"
      navigated to "http://localhost:3000/admin/"
      navigated to "http://localhost:3000/admin/"
      navigated to "http://localhost:3000/admin/"
      navigated to "http://localhost:3000/admin/"
      navigated to "http://localhost:3000/admin/"
      navigated to "http://localhost:3000/admin/"
      navigated to "http://localhost:3000/admin/"
      navigated to "http://localhost:3000/admin/"
      navigated to "http://localhost:3000/admin/"
      navigated to "http://localhost:3000/admin/"
      navigated to "http://localhost:3000/admin/"
      navigated to "http://localhost:3000/admin/"
      navigated to "http://localhost:3000/admin/"
      navigated to "http://localhost:3000/admin/"
      navigated to "http://localhost:3000/admin/"
      navigated to "http://localhost:3000/admin/"
      navigated to "http://localhost:3000/admin/"
      navigated to "http://localhost:3000/admin/"
      navigated to "http://localhost:3000/admin/"
      navigated to "http://localhost:3000/admin/"
      navigated to "http://localhost:3000/admin/"
      navigated to "http://localhost:3000/admin/"
      navigated to "http://localhost:3000/admin/"
      navigated to "http://localhost:3000/admin/"
      navigated to "http://localhost:3000/admin/"
      navigated to "http://localhost:3000/admin/"
      navigated to "http://localhost:3000/admin/"
      navigated to "http://localhost:3000/admin/"
      navigated to "http://localhost:3000/admin/"
      navigated to "http://localhost:3000/admin/"
      navigated to "http://localhost:3000/admin/"
      navigated to "http://localhost:3000/admin/"
      navigated to "http://localhost:3000/admin/"
      navigated to "http://localhost:3000/admin/"
      navigated to "http://localhost:3000/admin/"
      navigated to "http://localhost:3000/admin/"
      navigated to "http://localhost:3000/admin/"
      navigated to "http://localhost:3000/admin/"
      navigated to "http://localhost:3000/admin/"
      navigated to "http://localhost:3000/admin/"
      navigated to "http://localhost:3000/admin/"
      navigated to "http://localhost:3000/admin/"
      navigated to "http://localhost:3000/admin/"
      navigated to "http://localhost:3000/admin/"
      navigated to "http://localhost:3000/admin/"
      navigated to "http://localhost:3000/admin/"
      navigated to "http://localhost:3000/admin/"
      navigated to "http://localhost:3000/admin/"
    ============================================================

      100 |     // Try to access specific page while unauthenticated
      101 |     await page.goto('/settings/followup');
    > 102 |     await page.waitForURL('**/login**');
          |                ^
      103 |     
      104 |     // Login should redirect back to original destination
      105 |     await loginPage.login(username, password);
        at /Users/nickberens/Webstorm/nickberens/tests/e2e/auth.spec.js:102:16

    attachment #1: screenshot (image/png) ──────────────────────────────────────────────────────────
    ../../test-results/auth-Admin-Authentication--133da-tion-with-remember-redirect-unauthenticated/test-failed-1.png
    ────────────────────────────────────────────────────────────────────────────────────────────────

    attachment #2: video (video/webm) ──────────────────────────────────────────────────────────────
    ../../test-results/auth-Admin-Authentication--133da-tion-with-remember-redirect-unauthenticated/video.webm
    ────────────────────────────────────────────────────────────────────────────────────────────────
]]>
</failure>
<system-out>
<![CDATA[
[[ATTACHMENT|auth-Admin-Authentication--133da-tion-with-remember-redirect-unauthenticated/test-failed-1.png]]

[[ATTACHMENT|auth-Admin-Authentication--133da-tion-with-remember-redirect-unauthenticated/video.webm]]
]]>
</system-out>
</testcase>
<testcase name="Admin Authentication Flow › visual regression - login page" classname="auth.spec.js" time="11.185">
<failure message="auth.spec.js:112:3 visual regression - login page" type="FAILURE">
<![CDATA[  [unauthenticated] › auth.spec.js:112:3 › Admin Authentication Flow › visual regression - login page 

    TimeoutError: page.waitForSelector: Timeout 10000ms exceeded.
    Call log:
      - waiting for locator('form') to be visible


      112 |   test('visual regression - login page', async ({ page }) => {
      113 |     // Wait for page to be fully loaded
    > 114 |     await page.waitForSelector('form', { state: 'visible' });
          |                ^
      115 |     await page.waitForTimeout(1000);
      116 |     
      117 |     // Take a screenshot for visual comparison
        at /Users/nickberens/Webstorm/nickberens/tests/e2e/auth.spec.js:114:16

    attachment #1: screenshot (image/png) ──────────────────────────────────────────────────────────
    ../../test-results/auth-Admin-Authentication--46141-ual-regression---login-page-unauthenticated/test-failed-1.png
    ────────────────────────────────────────────────────────────────────────────────────────────────

    attachment #2: video (video/webm) ──────────────────────────────────────────────────────────────
    ../../test-results/auth-Admin-Authentication--46141-ual-regression---login-page-unauthenticated/video.webm
    ────────────────────────────────────────────────────────────────────────────────────────────────

    Error Context: ../../test-results/auth-Admin-Authentication--46141-ual-regression---login-page-unauthenticated/error-context.md
]]>
</failure>
<system-out>
<![CDATA[
[[ATTACHMENT|auth-Admin-Authentication--46141-ual-regression---login-page-unauthenticated/test-failed-1.png]]

[[ATTACHMENT|auth-Admin-Authentication--46141-ual-regression---login-page-unauthenticated/video.webm]]

[[ATTACHMENT|auth-Admin-Authentication--46141-ual-regression---login-page-unauthenticated/error-context.md]]
]]>
</system-out>
</testcase>
<testcase name="Admin Authentication Flow › performance - login response time" classname="auth.spec.js" time="8.189">
<failure message="auth.spec.js:121:3 performance - login response time" type="FAILURE">
<![CDATA[  [unauthenticated] › auth.spec.js:121:3 › Admin Authentication Flow › performance - login response time 

    Error: expect(received).toBeLessThan(expected)

    Expected: < 5000
    Received:   7197

      129 |     const loginTime = Date.now() - startTime;
      130 |     
    > 131 |     expect(loginTime).toBeLessThan(5000); // Should complete within 5 seconds
          |                       ^
      132 |   });
      133 | });
        at /Users/nickberens/Webstorm/nickberens/tests/e2e/auth.spec.js:131:23

    attachment #1: screenshot (image/png) ──────────────────────────────────────────────────────────
    ../../test-results/auth-Admin-Authentication--17f76-mance---login-response-time-unauthenticated/test-failed-1.png
    ────────────────────────────────────────────────────────────────────────────────────────────────

    attachment #2: video (video/webm) ──────────────────────────────────────────────────────────────
    ../../test-results/auth-Admin-Authentication--17f76-mance---login-response-time-unauthenticated/video.webm
    ────────────────────────────────────────────────────────────────────────────────────────────────

    Error Context: ../../test-results/auth-Admin-Authentication--17f76-mance---login-response-time-unauthenticated/error-context.md
]]>
</failure>
<system-out>
<![CDATA[
[[ATTACHMENT|auth-Admin-Authentication--17f76-mance---login-response-time-unauthenticated/test-failed-1.png]]

[[ATTACHMENT|auth-Admin-Authentication--17f76-mance---login-response-time-unauthenticated/video.webm]]

[[ATTACHMENT|auth-Admin-Authentication--17f76-mance---login-response-time-unauthenticated/error-context.md]]
]]>
</system-out>
</testcase>
</testsuite>
</testsuites>